# JRE version: OpenJDK Runtime Environment (11.0.10) (build 11.0.10+0-b96-7249189)
# Java VM: OpenJDK 64-Bit Server VM (11.0.10+0-b96-7249189, mixed mode, tiered, compressed oops, g1 gc, windows-amd64)
Heap:
 garbage-first heap   total 607232K, used 83656K [0x0000000080000000, 0x0000000100000000)
  region size 1024K, 16 young (16384K), 16 survivors (16384K)
 Metaspace       used 44996K, capacity 45984K, committed 46128K, reserved 1089536K
  class space    used 5587K, capacity 5984K, committed 6016K, reserved 1048576K
GC Heap History (20 events):
Event: 145.594 GC heap after
{Heap after GC invocations=71 (full 0):
 garbage-first heap   total 354304K, used 99982K [0x0000000080000000, 0x0000000100000000)
  region size 1024K, 4 young (4096K), 4 survivors (4096K)
 Metaspace       used 44346K, capacity 45375K, committed 45616K, reserved 1089536K
  class space    used 5544K, capacity 5937K, committed 6016K, reserved 1048576K
}
Event: 147.248 GC heap before
{Heap before GC invocations=72 (full 0):
 garbage-first heap   total 354304K, used 162446K [0x0000000080000000, 0x0000000100000000)
  region size 1024K, 68 young (69632K), 4 survivors (4096K)
 Metaspace       used 44347K, capacity 45375K, committed 45616K, reserved 1089536K
  class space    used 5544K, capacity 5937K, committed 6016K, reserved 1048576K
}
Event: 147.484 GC heap after
{Heap after GC invocations=73 (full 0):
 garbage-first heap   total 354304K, used 89502K [0x0000000080000000, 0x0000000100000000)
  region size 1024K, 2 young (2048K), 2 survivors (2048K)
 Metaspace       used 44347K, capacity 45375K, committed 45616K, reserved 1089536K
  class space    used 5544K, capacity 5937K, committed 6016K, reserved 1048576K
}
Event: 149.015 GC heap before
{Heap before GC invocations=73 (full 0):
 garbage-first heap   total 354304K, used 109982K [0x0000000080000000, 0x0000000100000000)
  region size 1024K, 17 young (17408K), 2 survivors (2048K)
 Metaspace       used 44423K, capacity 45375K, committed 45616K, reserved 1089536K
  class space    used 5551K, capacity 5937K, committed 6016K, reserved 1048576K
}
Event: 149.020 GC heap after
{Heap after GC invocations=74 (full 0):
 garbage-first heap   total 354304K, used 72313K [0x0000000080000000, 0x0000000100000000)
  region size 1024K, 3 young (3072K), 3 survivors (3072K)
 Metaspace       used 44423K, capacity 45375K, committed 45616K, reserved 1089536K
  class space    used 5551K, capacity 5937K, committed 6016K, reserved 1048576K
}
Event: 151.184 GC heap before
{Heap before GC invocations=74 (full 0):
 garbage-first heap   total 354304K, used 141945K [0x0000000080000000, 0x0000000100000000)
  region size 1024K, 70 young (71680K), 3 survivors (3072K)
 Metaspace       used 45002K, capacity 46014K, committed 46128K, reserved 1089536K
  class space    used 5594K, capacity 5994K, committed 6016K, reserved 1048576K
}
Event: 151.193 GC heap after
{Heap after GC invocations=75 (full 0):
 garbage-first heap   total 354304K, used 78466K [0x0000000080000000, 0x0000000100000000)
  region size 1024K, 6 young (6144K), 6 survivors (6144K)
 Metaspace       used 45002K, capacity 46014K, committed 46128K, reserved 1089536K
  class space    used 5594K, capacity 5994K, committed 6016K, reserved 1048576K
}
Event: 151.925 GC heap before
{Heap before GC invocations=75 (full 0):
 garbage-first heap   total 354304K, used 166530K [0x0000000080000000, 0x0000000100000000)
  region size 1024K, 93 young (95232K), 6 survivors (6144K)
 Metaspace       used 45002K, capacity 46014K, committed 46128K, reserved 1089536K
  class space    used 5594K, capacity 5994K, committed 6016K, reserved 1048576K
}
Event: 151.943 GC heap after
{Heap after GC invocations=76 (full 0):
 garbage-first heap   total 354304K, used 81441K [0x0000000080000000, 0x0000000100000000)
  region size 1024K, 9 young (9216K), 9 survivors (9216K)
 Metaspace       used 45002K, capacity 46014K, committed 46128K, reserved 1089536K
  class space    used 5594K, capacity 5994K, committed 6016K, reserved 1048576K
}
Event: 153.389 GC heap before
{Heap before GC invocations=76 (full 0):
 garbage-first heap   total 354304K, used 193057K [0x0000000080000000, 0x0000000100000000)
  region size 1024K, 119 young (121856K), 9 survivors (9216K)
 Metaspace       used 45002K, capacity 46014K, committed 46128K, reserved 1089536K
  class space    used 5594K, capacity 5994K, committed 6016K, reserved 1048576K
}
Event: 153.462 GC heap after
{Heap after GC invocations=77 (full 0):
 garbage-first heap   total 354304K, used 84947K [0x0000000080000000, 0x0000000100000000)
  region size 1024K, 12 young (12288K), 12 survivors (12288K)
 Metaspace       used 45002K, capacity 46014K, committed 46128K, reserved 1089536K
  class space    used 5594K, capacity 5994K, committed 6016K, reserved 1048576K
}
Event: 159.051 GC heap before
{Heap before GC invocations=78 (full 0):
 garbage-first heap   total 354304K, used 267219K [0x0000000080000000, 0x0000000100000000)
  region size 1024K, 203 young (207872K), 12 survivors (12288K)
 Metaspace       used 45006K, capacity 46014K, committed 46128K, reserved 1089536K
  class space    used 5594K, capacity 5994K, committed 6016K, reserved 1048576K
}
Event: 159.389 GC heap after
{Heap after GC invocations=79 (full 0):
 garbage-first heap   total 354304K, used 80341K [0x0000000080000000, 0x0000000100000000)
  region size 1024K, 20 young (20480K), 20 survivors (20480K)
 Metaspace       used 45006K, capacity 46014K, committed 46128K, reserved 1089536K
  class space    used 5594K, capacity 5994K, committed 6016K, reserved 1048576K
}
Event: 160.436 GC heap before
{Heap before GC invocations=79 (full 0):
 garbage-first heap   total 354304K, used 188885K [0x0000000080000000, 0x0000000100000000)
  region size 1024K, 126 young (129024K), 20 survivors (20480K)
 Metaspace       used 45007K, capacity 46014K, committed 46128K, reserved 1089536K
  class space    used 5594K, capacity 5994K, committed 6016K, reserved 1048576K
}
Event: 160.542 GC heap after
{Heap after GC invocations=80 (full 0):
 garbage-first heap   total 354304K, used 74829K [0x0000000080000000, 0x0000000100000000)
  region size 1024K, 10 young (10240K), 10 survivors (10240K)
 Metaspace       used 45007K, capacity 46014K, committed 46128K, reserved 1089536K
  class space    used 5594K, capacity 5994K, committed 6016K, reserved 1048576K
}
Event: 162.332 GC heap before
{Heap before GC invocations=81 (full 0):
 garbage-first heap   total 354304K, used 223309K [0x0000000080000000, 0x0000000100000000)
  region size 1024K, 156 young (159744K), 10 survivors (10240K)
 Metaspace       used 45014K, capacity 46014K, committed 46128K, reserved 1089536K
  class space    used 5594K, capacity 5994K, committed 6016K, reserved 1048576K
}
Event: 162.344 GC heap after
{Heap after GC invocations=82 (full 0):
 garbage-first heap   total 354304K, used 78925K [0x0000000080000000, 0x0000000100000000)
  region size 1024K, 15 young (15360K), 15 survivors (15360K)
 Metaspace       used 45014K, capacity 46014K, committed 46128K, reserved 1089536K
  class space    used 5594K, capacity 5994K, committed 6016K, reserved 1048576K
}
Event: 164.585 GC heap before
{Heap before GC invocations=82 (full 0):
 garbage-first heap   total 354304K, used 241741K [0x0000000080000000, 0x0000000100000000)
  region size 1024K, 174 young (178176K), 15 survivors (15360K)
 Metaspace       used 45014K, capacity 46014K, committed 46128K, reserved 1089536K
  class space    used 5594K, capacity 5994K, committed 6016K, reserved 1048576K
}
Event: 164.680 GC heap after
{Heap after GC invocations=83 (full 0):
 garbage-first heap   total 354304K, used 81601K [0x0000000080000000, 0x0000000100000000)
  region size 1024K, 15 young (15360K), 15 survivors (15360K)
 Metaspace       used 45014K, capacity 46014K, committed 46128K, reserved 1089536K
  class space    used 5594K, capacity 5994K, committed 6016K, reserved 1048576K
}
Event: 166.400 GC heap before
{Heap before GC invocations=84 (full 0):
 garbage-first heap   total 354304K, used 259777K [0x0000000080000000, 0x0000000100000000)
  region size 1024K, 189 young (193536K), 15 survivors (15360K)
 Metaspace       used 44996K, capacity 45984K, committed 46128K, reserved 1089536K
  class space    used 5587K, capacity 5984K, committed 6016K, reserved 1048576K
}

